14:07:34.191 [main] INFO  - Goto my account-->Click on Login.. 
14:07:34.883 [main] INFO  - Entering email and password.. 
14:07:35.559 [main] INFO  - clicked on login button...
15:21:51.876 [main] INFO  - Goto my account-->Click on Login.. 
15:21:53.135 [main] INFO  - Entering email and password.. 
15:21:54.620 [main] INFO  - clicked on login button...
15:32:55.009 [main] INFO  - Goto my account-->Click on Login.. 
15:32:55.760 [main] INFO  - Entering email and password.. 
15:32:56.517 [main] INFO  - clicked on login button...
15:44:58.490 [main] INFO  - Goto my account-->Click on Login.. 
15:44:59.375 [main] INFO  - Entering email and password.. 
15:45:00.720 [main] INFO  - clicked on login button...
11:24:02.941 [pool-3-thread-1] INFO  - Goto my account-->Click on Login.. 
11:24:03.761 [pool-3-thread-1] INFO  - Entering email and password.. 
11:24:06.101 [pool-3-thread-1] INFO  - clicked on login button...
11:25:07.956 [main] INFO  - Goto my account-->Click on Login.. 
11:25:08.604 [main] INFO  - Entering email and password.. 
11:25:09.732 [main] INFO  - clicked on login button...
11:27:34.728 [main] INFO  - Goto my account-->Click on Login.. 
11:27:35.361 [main] INFO  - Entering email and password.. 
11:27:36.283 [main] INFO  - clicked on login button...
11:28:39.062 [pool-3-thread-1] INFO  - Goto my account-->Click on Login.. 
11:28:39.709 [pool-3-thread-1] INFO  - Entering email and password.. 
11:28:41.527 [pool-3-thread-1] INFO  - clicked on login button...
11:30:58.762 [main] INFO  - Goto my account-->Click on Login.. 
11:30:59.506 [main] INFO  - Entering email and password.. 
11:31:00.817 [main] INFO  - clicked on login button...
11:32:42.541 [main] INFO  - Goto my account-->Click on Login.. 
11:32:46.118 [main] INFO  - Entering email and password.. 
11:32:47.244 [main] INFO  - clicked on login button...
11:34:08.134 [main] INFO  - Goto my account-->Click on Login.. 
11:34:08.801 [main] INFO  - Entering email and password.. 
11:34:10.471 [main] INFO  - clicked on login button...
11:45:34.561 [main] INFO  - Goto my account-->Click on Login.. 
11:45:35.241 [main] INFO  - Entering email and password.. 
11:45:36.544 [main] INFO  - clicked on login button...
11:48:32.063 [main] INFO  - Goto my account-->Click on Login.. 
11:48:32.749 [main] INFO  - Entering email and password.. 
11:48:34.206 [main] INFO  - clicked on login button...
12:19:09.362 [main] INFO  - Goto my account-->Click on Login.. 
12:19:10.371 [main] INFO  - Entering email and password.. 
12:19:11.738 [main] INFO  - clicked on login button...
12:24:14.670 [main] INFO  - Goto my account-->Click on Login.. 
12:24:15.551 [main] INFO  - Entering email and password.. 
12:24:16.857 [main] INFO  - clicked on login button...
12:25:59.705 [main] INFO  - Goto my account-->Click on Login.. 
12:26:00.443 [main] INFO  - Entering email and password.. 
12:26:01.724 [main] INFO  - clicked on login button...
12:40:21.946 [main] INFO  - Goto my account-->Click on Login.. 
12:40:22.616 [main] INFO  - Entering email and password.. 
12:40:24.212 [main] INFO  - clicked on login button...
12:48:13.135 [main] INFO  - Goto my account-->Click on Login.. 
12:48:14.187 [main] INFO  - Entering email and password.. 
12:48:15.338 [main] INFO  - clicked on login button...
07:20:02.541 [main] INFO  - Goto my account-->Click on Login.. 
07:20:03.687 [main] INFO  - Entering email and password.. 
07:20:04.885 [main] INFO  - clicked on login button...
07:26:07.255 [main] INFO  - Goto my account-->Click on Login.. 
07:26:08.073 [main] INFO  - Entering email and password.. 
07:26:08.937 [main] INFO  - clicked on login button...
07:27:45.855 [main] INFO  - Goto my account-->Click on Login.. 
07:27:46.685 [main] INFO  - Entering email and password.. 
07:27:47.506 [main] INFO  - clicked on login button...
07:42:18.774 [main] INFO  - Goto my account-->Click on Login.. 
07:42:19.621 [main] INFO  - Entering email and password.. 
07:42:20.495 [main] INFO  - clicked on login button...
07:44:30.850 [main] INFO  - Goto my account-->Click on Login.. 
07:44:31.695 [main] INFO  - Entering email and password.. 
07:44:32.578 [main] INFO  - clicked on login button...
07:46:04.249 [main] INFO  - Goto my account-->Click on Login.. 
07:46:05.043 [main] INFO  - Entering email and password.. 
07:46:05.916 [main] INFO  - clicked on login button...
07:52:55.919 [main] INFO  - Goto my account-->Click on Login.. 
07:52:56.718 [main] INFO  - Entering email and password.. 
07:52:57.593 [main] INFO  - clicked on login button...
15:51:19.797 [main] INFO  - Goto my account-->Click on Login.. 
15:51:34.716 [main] INFO  - Goto my account-->Click on Login.. 
15:51:35.161 [main] INFO  - Entering email and password.. 
15:51:35.357 [main] INFO  - clicked on login button...
15:51:39.216 [main] INFO  - Goto my account-->Click on Login.. 
15:51:39.669 [main] INFO  - Entering email and password.. 
15:51:39.879 [main] INFO  - clicked on login button...
15:53:27.430 [main] INFO  - Goto my account-->Click on Login.. 
15:53:28.056 [main] DEBUG - Parsing relationship: /xl/_rels/workbook.xml.rels
15:53:28.059 [main] DEBUG - Parsing relationship: /xl/worksheets/_rels/sheet1.xml.rels
15:53:28.060 [main] DEBUG - Parsing relationship: /_rels/.rels
15:53:28.199 [main] TRACE - Loading type system org.apache.poi.schemas.ooxml.system.ooxml
15:53:28.201 [main] TRACE - Loading type system org.apache.xmlbeans.metadata.system.sXMLCONFIG
15:53:28.202 [main] TRACE - Loading type system org.apache.xmlbeans.metadata.system.sXMLLANG
15:53:28.203 [main] TRACE - Loading type system org.apache.xmlbeans.metadata.system.sXMLSCHEMA
15:53:28.203 [main] TRACE - Loading type system org.apache.xmlbeans.metadata.system.sXMLTOOLS
15:53:28.205 [main] TRACE - Reading unresolved handles for type system org.apache.xmlbeans.metadata.system.sXMLTOOLS
15:53:28.213 [main] TRACE - Finished loading type system org.apache.xmlbeans.metadata.system.sXMLTOOLS
15:53:28.215 [main] TRACE - Reading unresolved handles for type system org.apache.xmlbeans.metadata.system.sXMLSCHEMA
15:53:28.223 [main] TRACE - Finished loading type system org.apache.xmlbeans.metadata.system.sXMLSCHEMA
15:53:28.228 [main] TRACE - Reading unresolved handles for type system org.apache.xmlbeans.metadata.system.sXMLLANG
15:53:28.231 [main] TRACE - Finished loading type system org.apache.xmlbeans.metadata.system.sXMLLANG
15:53:28.233 [main] TRACE - Reading unresolved handles for type system org.apache.xmlbeans.metadata.system.sXMLCONFIG
15:53:28.234 [main] TRACE - Finished loading type system org.apache.xmlbeans.metadata.system.sXMLCONFIG
15:53:28.236 [main] TRACE - Reading unresolved handles for type system org.apache.poi.schemas.ooxml.system.ooxml
15:53:28.289 [main] TRACE - Finished loading type system org.apache.poi.schemas.ooxml.system.ooxml
15:53:28.290 [main] TRACE - Resolving type for handle themefd26doctype
15:53:28.351 [main] TRACE - Resolving type for handle stylesheet5d8bdoctype
15:53:28.357 [main] TRACE - Resolving type for handle ctstylesheet4257type
15:53:28.360 [main] TRACE - Resolving type for handle ctfonts6623type
15:53:28.363 [main] TRACE - Resolving type for handle ctfont14d8type
15:53:28.369 [main] TRACE - Resolving type for handle ctfills2c6ftype
15:53:28.372 [main] TRACE - Resolving type for handle ctfill550ctype
15:53:28.374 [main] TRACE - Resolving type for handle ctborders0d66type
15:53:28.377 [main] TRACE - Resolving type for handle ctborderf935type
15:53:28.381 [main] TRACE - Resolving type for handle ctcellxfs1322type
15:53:28.385 [main] TRACE - Resolving type for handle ctxf97f7type
15:53:28.388 [main] TRACE - Resolving type for handle ctcellstylexfsa81ftype
15:53:28.391 [main] TRACE - Resolving type for handle ctdxfsb26atype
15:53:28.394 [main] TRACE - Resolving type for handle cttablestyles872ftype
15:53:28.398 [main] TRACE - Resolving type for handle sstf81fdoctype
15:53:28.406 [main] TRACE - Resolving type for handle ctsst44f3type
15:53:28.415 [main] TRACE - Resolving type for handle ctrsta472type
15:53:28.432 [main] DEBUG - using default POIXMLDocumentPart for http://schemas.openxmlformats.org/officeDocument/2006/relationships/printerSettings
15:53:28.434 [main] TRACE - Resolving type for handle workbookec17doctype
15:53:28.439 [main] TRACE - Resolving type for handle ctworkbook83c3type
15:53:28.443 [main] TRACE - Resolving type for handle ctsheets49fdtype
15:53:28.446 [main] TRACE - Resolving type for handle ctsheet4dbetype
15:53:28.452 [main] TRACE - Resolving type for handle strelationshipid1e94type
15:53:28.454 [main] TRACE - Resolving type for handle worksheetf539doctype
15:53:28.459 [main] TRACE - Resolving type for handle ctworksheet530dtype
15:53:28.464 [main] TRACE - Resolving type for handle ctsheetdata8408type
15:53:28.467 [main] TRACE - Resolving type for handle ctrowdd39type
15:53:28.471 [main] TRACE - Resolving type for handle ctcell842btype
15:53:28.476 [main] TRACE - Resolving type for handle stcellrefe4e0type
15:53:28.482 [main] TRACE - Resolving type for handle ctcols627ctype
15:53:28.489 [main] TRACE - Resolving type for handle ctcola95ftype
15:53:28.506 [main] TRACE - Resolving type for handle cthyperlinks6416type
15:53:28.508 [main] TRACE - Resolving type for handle cthyperlink0c85type
15:53:28.514 [main] TRACE - Resolving type for handle stxstringf179type
15:53:28.516 [main] TRACE - Resolving type for handle stcelltypebf95type
15:53:42.727 [main] INFO  - Goto my account-->Click on Login.. 
15:53:43.356 [main] DEBUG - Parsing relationship: /xl/_rels/workbook.xml.rels
15:53:43.357 [main] DEBUG - Parsing relationship: /xl/worksheets/_rels/sheet1.xml.rels
15:53:43.359 [main] DEBUG - Parsing relationship: /_rels/.rels
15:53:43.384 [main] DEBUG - using default POIXMLDocumentPart for http://schemas.openxmlformats.org/officeDocument/2006/relationships/printerSettings
15:53:48.629 [main] INFO  - Goto my account-->Click on Login.. 
15:53:49.193 [main] DEBUG - Parsing relationship: /xl/_rels/workbook.xml.rels
15:53:49.194 [main] DEBUG - Parsing relationship: /xl/worksheets/_rels/sheet1.xml.rels
15:53:49.197 [main] DEBUG - Parsing relationship: /_rels/.rels
15:53:49.214 [main] DEBUG - using default POIXMLDocumentPart for http://schemas.openxmlformats.org/officeDocument/2006/relationships/printerSettings
09:26:36.046 [main] INFO  - Goto my account-->Click on Login.. 
09:26:36.577 [main] INFO  - Entering email and password.. 
09:26:37.763 [main] INFO  - clicked on login button...
09:26:41.013 [main] INFO  - Goto my account-->Click on Login.. 
09:26:41.588 [main] INFO  - Entering email and password.. 
09:26:41.844 [main] INFO  - clicked on login button...
09:27:17.805 [main] INFO  - Goto my account-->Click on Login.. 
09:27:18.323 [main] INFO  - Entering email and password.. 
09:27:18.527 [main] INFO  - clicked on login button...
09:27:22.461 [main] INFO  - Goto my account-->Click on Login.. 
09:27:22.953 [main] INFO  - Entering email and password.. 
09:27:23.162 [main] INFO  - clicked on login button...
16:08:24.089 [main] INFO  - Goto my account-->Click on Login.. 
16:08:24.570 [main] INFO  - Entering email and password.. 
16:08:25.812 [main] INFO  - clicked on login button...
16:31:51.445 [main] INFO  - Goto my account-->Click on Login.. 
16:32:01.696 [main] INFO  - Goto my account-->Click on Login.. 
16:32:02.313 [main] INFO  - Entering email and password.. 
16:32:03.534 [main] INFO  - clicked on login button...
16:32:07.579 [main] INFO  - Goto my account-->Click on Login.. 
16:32:08.355 [main] INFO  - Entering email and password.. 
16:33:24.031 [main] INFO  - Goto my account-->Click on Login.. 
16:33:24.542 [main] INFO  - Entering email and password.. 
16:33:25.547 [main] INFO  - clicked on login button...
16:33:41.112 [main] INFO  - Goto my account-->Click on Login.. 
16:33:41.749 [main] INFO  - Entering email and password.. 
16:33:42.020 [main] INFO  - clicked on login button...
16:33:48.247 [main] INFO  - Goto my account-->Click on Login.. 
16:33:48.880 [main] INFO  - Entering email and password.. 
16:33:49.293 [main] INFO  - clicked on login button...
11:06:31.451 [main] INFO  - Entering email and password.. 
11:06:31.653 [main] INFO  - clicked on login button...
11:07:47.581 [main] INFO  - Entering email and password.. 
11:07:47.639 [main] INFO  - Entering email and password.. 
11:08:59.330 [main] INFO  - Entering email and password.. 
11:08:59.381 [main] INFO  - Entering email and password.. 
11:49:03.068 [main] INFO  - Entering email and password.. 
11:49:03.275 [main] INFO  - clicked on login button...
11:49:05.991 [main] INFO  - Entering email and password.. 
11:49:06.294 [main] INFO  - clicked on login button...
11:53:29.397 [main] INFO  - Entering email and password.. 
11:53:29.618 [main] INFO  - clicked on login button...
11:53:31.923 [main] INFO  - Entering email and password.. 
11:53:32.296 [main] INFO  - clicked on login button...
12:20:55.338 [main] INFO  - Entering email and password.. 
12:20:55.593 [main] INFO  - clicked on login button...
12:20:57.808 [main] INFO  - Entering email and password.. 
12:20:58.130 [main] INFO  - clicked on login button...
12:33:52.819 [main] DEBUG - Parsing relationship: /xl/_rels/workbook.xml.rels
12:33:52.822 [main] DEBUG - Parsing relationship: /xl/worksheets/_rels/sheet1.xml.rels
12:33:52.823 [main] DEBUG - Parsing relationship: /_rels/.rels
12:33:52.953 [main] TRACE - Loading type system org.apache.poi.schemas.ooxml.system.ooxml
12:33:52.956 [main] TRACE - Loading type system org.apache.xmlbeans.metadata.system.sXMLCONFIG
12:33:52.956 [main] TRACE - Loading type system org.apache.xmlbeans.metadata.system.sXMLLANG
12:33:52.957 [main] TRACE - Loading type system org.apache.xmlbeans.metadata.system.sXMLSCHEMA
12:33:52.957 [main] TRACE - Loading type system org.apache.xmlbeans.metadata.system.sXMLTOOLS
12:33:52.958 [main] TRACE - Reading unresolved handles for type system org.apache.xmlbeans.metadata.system.sXMLTOOLS
12:33:52.967 [main] TRACE - Finished loading type system org.apache.xmlbeans.metadata.system.sXMLTOOLS
12:33:52.968 [main] TRACE - Reading unresolved handles for type system org.apache.xmlbeans.metadata.system.sXMLSCHEMA
12:33:52.972 [main] TRACE - Finished loading type system org.apache.xmlbeans.metadata.system.sXMLSCHEMA
12:33:52.975 [main] TRACE - Reading unresolved handles for type system org.apache.xmlbeans.metadata.system.sXMLLANG
12:33:52.975 [main] TRACE - Finished loading type system org.apache.xmlbeans.metadata.system.sXMLLANG
12:33:52.976 [main] TRACE - Reading unresolved handles for type system org.apache.xmlbeans.metadata.system.sXMLCONFIG
12:33:52.978 [main] TRACE - Finished loading type system org.apache.xmlbeans.metadata.system.sXMLCONFIG
12:33:52.979 [main] TRACE - Reading unresolved handles for type system org.apache.poi.schemas.ooxml.system.ooxml
12:33:53.015 [main] TRACE - Finished loading type system org.apache.poi.schemas.ooxml.system.ooxml
12:33:53.016 [main] TRACE - Resolving type for handle themefd26doctype
12:33:53.054 [main] TRACE - Resolving type for handle stylesheet5d8bdoctype
12:33:53.058 [main] TRACE - Resolving type for handle ctstylesheet4257type
12:33:53.061 [main] TRACE - Resolving type for handle ctfonts6623type
12:33:53.063 [main] TRACE - Resolving type for handle ctfont14d8type
12:33:53.067 [main] TRACE - Resolving type for handle ctfills2c6ftype
12:33:53.068 [main] TRACE - Resolving type for handle ctfill550ctype
12:33:53.069 [main] TRACE - Resolving type for handle ctborders0d66type
12:33:53.071 [main] TRACE - Resolving type for handle ctborderf935type
12:33:53.073 [main] TRACE - Resolving type for handle ctcellxfs1322type
12:33:53.075 [main] TRACE - Resolving type for handle ctxf97f7type
12:33:53.077 [main] TRACE - Resolving type for handle ctcellstylexfsa81ftype
12:33:53.078 [main] TRACE - Resolving type for handle ctdxfsb26atype
12:33:53.080 [main] TRACE - Resolving type for handle sstf81fdoctype
12:33:53.083 [main] TRACE - Resolving type for handle ctsst44f3type
12:33:53.090 [main] TRACE - Resolving type for handle ctrsta472type
12:33:53.102 [main] TRACE - Resolving type for handle ctdrawing2748type
12:33:53.104 [main] TRACE - Resolving type for handle workbookec17doctype
12:33:53.107 [main] TRACE - Resolving type for handle ctworkbook83c3type
12:33:53.111 [main] TRACE - Resolving type for handle ctsheets49fdtype
12:33:53.112 [main] TRACE - Resolving type for handle ctsheet4dbetype
12:33:53.114 [main] TRACE - Resolving type for handle strelationshipid1e94type
12:33:53.115 [main] TRACE - Resolving type for handle worksheetf539doctype
12:33:53.118 [main] TRACE - Resolving type for handle ctworksheet530dtype
12:33:53.121 [main] TRACE - Resolving type for handle ctsheetdata8408type
12:33:53.123 [main] TRACE - Resolving type for handle ctrowdd39type
12:33:53.126 [main] TRACE - Resolving type for handle ctcell842btype
12:33:53.131 [main] TRACE - Resolving type for handle stcellrefe4e0type
12:33:53.135 [main] TRACE - Resolving type for handle ctcols627ctype
12:33:53.138 [main] TRACE - Resolving type for handle ctcola95ftype
12:33:53.148 [main] TRACE - Resolving type for handle ctdefinednamesce48type
12:33:53.151 [main] TRACE - Resolving type for handle ctbookviewsb864type
12:33:53.152 [main] TRACE - Resolving type for handle ctbookviewf677type
12:33:53.154 [main] TRACE - Resolving type for handle stxstringf179type
12:33:53.155 [main] TRACE - Resolving type for handle stcelltypebf95type
12:34:11.284 [main] DEBUG - Parsing relationship: /xl/_rels/workbook.xml.rels
12:34:11.285 [main] DEBUG - Parsing relationship: /xl/worksheets/_rels/sheet1.xml.rels
12:34:11.286 [main] DEBUG - Parsing relationship: /_rels/.rels
12:34:11.648 [main] INFO  - clicked on login button...
12:34:13.289 [main] DEBUG - Parsing relationship: /xl/_rels/workbook.xml.rels
12:34:13.290 [main] DEBUG - Parsing relationship: /xl/worksheets/_rels/sheet1.xml.rels
12:34:13.291 [main] DEBUG - Parsing relationship: /_rels/.rels
12:35:15.038 [main] DEBUG - Parsing relationship: /xl/_rels/workbook.xml.rels
12:35:15.067 [main] DEBUG - Parsing relationship: /xl/worksheets/_rels/sheet1.xml.rels
12:35:15.068 [main] DEBUG - Parsing relationship: /_rels/.rels
12:35:15.189 [main] TRACE - Loading type system org.apache.poi.schemas.ooxml.system.ooxml
12:35:15.192 [main] TRACE - Loading type system org.apache.xmlbeans.metadata.system.sXMLCONFIG
12:35:15.193 [main] TRACE - Loading type system org.apache.xmlbeans.metadata.system.sXMLLANG
12:35:15.193 [main] TRACE - Loading type system org.apache.xmlbeans.metadata.system.sXMLSCHEMA
12:35:15.193 [main] TRACE - Loading type system org.apache.xmlbeans.metadata.system.sXMLTOOLS
12:35:15.194 [main] TRACE - Reading unresolved handles for type system org.apache.xmlbeans.metadata.system.sXMLTOOLS
12:35:15.200 [main] TRACE - Finished loading type system org.apache.xmlbeans.metadata.system.sXMLTOOLS
12:35:15.201 [main] TRACE - Reading unresolved handles for type system org.apache.xmlbeans.metadata.system.sXMLSCHEMA
12:35:15.204 [main] TRACE - Finished loading type system org.apache.xmlbeans.metadata.system.sXMLSCHEMA
12:35:15.205 [main] TRACE - Reading unresolved handles for type system org.apache.xmlbeans.metadata.system.sXMLLANG
12:35:15.206 [main] TRACE - Finished loading type system org.apache.xmlbeans.metadata.system.sXMLLANG
12:35:15.206 [main] TRACE - Reading unresolved handles for type system org.apache.xmlbeans.metadata.system.sXMLCONFIG
12:35:15.207 [main] TRACE - Finished loading type system org.apache.xmlbeans.metadata.system.sXMLCONFIG
12:35:15.208 [main] TRACE - Reading unresolved handles for type system org.apache.poi.schemas.ooxml.system.ooxml
12:35:15.239 [main] TRACE - Finished loading type system org.apache.poi.schemas.ooxml.system.ooxml
12:35:15.239 [main] TRACE - Resolving type for handle themefd26doctype
12:35:15.268 [main] TRACE - Resolving type for handle stylesheet5d8bdoctype
12:35:15.271 [main] TRACE - Resolving type for handle ctstylesheet4257type
12:35:15.273 [main] TRACE - Resolving type for handle ctfonts6623type
12:35:15.275 [main] TRACE - Resolving type for handle ctfont14d8type
12:35:15.278 [main] TRACE - Resolving type for handle ctfills2c6ftype
12:35:15.279 [main] TRACE - Resolving type for handle ctfill550ctype
12:35:15.280 [main] TRACE - Resolving type for handle ctborders0d66type
12:35:15.281 [main] TRACE - Resolving type for handle ctborderf935type
12:35:15.283 [main] TRACE - Resolving type for handle ctcellxfs1322type
12:35:15.285 [main] TRACE - Resolving type for handle ctxf97f7type
12:35:15.287 [main] TRACE - Resolving type for handle ctcellstylexfsa81ftype
12:35:15.288 [main] TRACE - Resolving type for handle ctdxfsb26atype
12:35:15.290 [main] TRACE - Resolving type for handle sstf81fdoctype
12:35:15.294 [main] TRACE - Resolving type for handle ctsst44f3type
12:35:15.302 [main] TRACE - Resolving type for handle ctrsta472type
12:35:15.314 [main] TRACE - Resolving type for handle ctdrawing2748type
12:35:15.319 [main] TRACE - Resolving type for handle workbookec17doctype
12:35:15.323 [main] TRACE - Resolving type for handle ctworkbook83c3type
12:35:15.328 [main] TRACE - Resolving type for handle ctsheets49fdtype
12:35:15.329 [main] TRACE - Resolving type for handle ctsheet4dbetype
12:35:15.331 [main] TRACE - Resolving type for handle strelationshipid1e94type
12:35:15.333 [main] TRACE - Resolving type for handle worksheetf539doctype
12:35:15.337 [main] TRACE - Resolving type for handle ctworksheet530dtype
12:35:15.342 [main] TRACE - Resolving type for handle ctsheetdata8408type
12:35:15.343 [main] TRACE - Resolving type for handle ctrowdd39type
12:35:15.346 [main] TRACE - Resolving type for handle ctcell842btype
12:35:15.356 [main] TRACE - Resolving type for handle stcellrefe4e0type
12:35:15.361 [main] TRACE - Resolving type for handle ctcols627ctype
12:35:15.365 [main] TRACE - Resolving type for handle ctcola95ftype
12:35:15.381 [main] TRACE - Resolving type for handle ctdefinednamesce48type
12:35:15.383 [main] TRACE - Resolving type for handle ctbookviewsb864type
12:35:15.385 [main] TRACE - Resolving type for handle ctbookviewf677type
12:35:15.386 [main] TRACE - Resolving type for handle stxstringf179type
12:35:15.388 [main] TRACE - Resolving type for handle stcelltypebf95type
12:35:28.081 [main] DEBUG - Parsing relationship: /xl/_rels/workbook.xml.rels
12:35:28.084 [main] DEBUG - Parsing relationship: /xl/worksheets/_rels/sheet1.xml.rels
12:35:28.085 [main] DEBUG - Parsing relationship: /_rels/.rels
12:35:28.476 [main] INFO  - clicked on login button...
12:36:45.019 [main] DEBUG - Parsing relationship: /xl/_rels/workbook.xml.rels
12:36:45.033 [main] DEBUG - Parsing relationship: /xl/worksheets/_rels/sheet1.xml.rels
12:36:45.033 [main] DEBUG - Parsing relationship: /_rels/.rels
12:36:45.127 [main] TRACE - Loading type system org.apache.poi.schemas.ooxml.system.ooxml
12:36:45.128 [main] TRACE - Loading type system org.apache.xmlbeans.metadata.system.sXMLCONFIG
12:36:45.129 [main] TRACE - Loading type system org.apache.xmlbeans.metadata.system.sXMLLANG
12:36:45.129 [main] TRACE - Loading type system org.apache.xmlbeans.metadata.system.sXMLSCHEMA
12:36:45.130 [main] TRACE - Loading type system org.apache.xmlbeans.metadata.system.sXMLTOOLS
12:36:45.131 [main] TRACE - Reading unresolved handles for type system org.apache.xmlbeans.metadata.system.sXMLTOOLS
12:36:45.137 [main] TRACE - Finished loading type system org.apache.xmlbeans.metadata.system.sXMLTOOLS
12:36:45.137 [main] TRACE - Reading unresolved handles for type system org.apache.xmlbeans.metadata.system.sXMLSCHEMA
12:36:45.140 [main] TRACE - Finished loading type system org.apache.xmlbeans.metadata.system.sXMLSCHEMA
12:36:45.141 [main] TRACE - Reading unresolved handles for type system org.apache.xmlbeans.metadata.system.sXMLLANG
12:36:45.142 [main] TRACE - Finished loading type system org.apache.xmlbeans.metadata.system.sXMLLANG
12:36:45.143 [main] TRACE - Reading unresolved handles for type system org.apache.xmlbeans.metadata.system.sXMLCONFIG
12:36:45.143 [main] TRACE - Finished loading type system org.apache.xmlbeans.metadata.system.sXMLCONFIG
12:36:45.144 [main] TRACE - Reading unresolved handles for type system org.apache.poi.schemas.ooxml.system.ooxml
12:36:45.178 [main] TRACE - Finished loading type system org.apache.poi.schemas.ooxml.system.ooxml
12:36:45.178 [main] TRACE - Resolving type for handle themefd26doctype
12:36:45.210 [main] TRACE - Resolving type for handle stylesheet5d8bdoctype
12:36:45.214 [main] TRACE - Resolving type for handle ctstylesheet4257type
12:36:45.217 [main] TRACE - Resolving type for handle ctfonts6623type
12:36:45.219 [main] TRACE - Resolving type for handle ctfont14d8type
12:36:45.222 [main] TRACE - Resolving type for handle ctfills2c6ftype
12:36:45.223 [main] TRACE - Resolving type for handle ctfill550ctype
12:36:45.224 [main] TRACE - Resolving type for handle ctborders0d66type
12:36:45.226 [main] TRACE - Resolving type for handle ctborderf935type
12:36:45.228 [main] TRACE - Resolving type for handle ctcellxfs1322type
12:36:45.229 [main] TRACE - Resolving type for handle ctxf97f7type
12:36:45.231 [main] TRACE - Resolving type for handle ctcellstylexfsa81ftype
12:36:45.232 [main] TRACE - Resolving type for handle ctdxfsb26atype
12:36:45.234 [main] TRACE - Resolving type for handle sstf81fdoctype
12:36:45.237 [main] TRACE - Resolving type for handle ctsst44f3type
12:36:45.242 [main] TRACE - Resolving type for handle ctrsta472type
12:36:45.253 [main] TRACE - Resolving type for handle ctdrawing2748type
12:36:45.256 [main] TRACE - Resolving type for handle workbookec17doctype
12:36:45.259 [main] TRACE - Resolving type for handle ctworkbook83c3type
12:36:45.262 [main] TRACE - Resolving type for handle ctsheets49fdtype
12:36:45.263 [main] TRACE - Resolving type for handle ctsheet4dbetype
12:36:45.264 [main] TRACE - Resolving type for handle strelationshipid1e94type
12:36:45.265 [main] TRACE - Resolving type for handle worksheetf539doctype
12:36:45.269 [main] TRACE - Resolving type for handle ctworksheet530dtype
12:36:45.272 [main] TRACE - Resolving type for handle ctsheetdata8408type
12:36:45.274 [main] TRACE - Resolving type for handle ctrowdd39type
12:36:45.276 [main] TRACE - Resolving type for handle ctcell842btype
12:36:45.279 [main] TRACE - Resolving type for handle stcellrefe4e0type
12:36:45.283 [main] TRACE - Resolving type for handle ctcols627ctype
12:36:45.285 [main] TRACE - Resolving type for handle ctcola95ftype
12:36:45.294 [main] TRACE - Resolving type for handle ctdefinednamesce48type
12:36:45.296 [main] TRACE - Resolving type for handle ctbookviewsb864type
12:36:45.297 [main] TRACE - Resolving type for handle ctbookviewf677type
12:36:45.299 [main] TRACE - Resolving type for handle stxstringf179type
12:36:45.302 [main] TRACE - Resolving type for handle stcelltypebf95type
12:36:47.506 [main] DEBUG - Parsing relationship: /xl/_rels/workbook.xml.rels
12:36:47.508 [main] DEBUG - Parsing relationship: /xl/worksheets/_rels/sheet1.xml.rels
12:36:47.509 [main] DEBUG - Parsing relationship: /_rels/.rels
21:40:02.814 [main] DEBUG - Parsing relationship: /xl/_rels/workbook.xml.rels
21:40:02.819 [main] DEBUG - Parsing relationship: /xl/worksheets/_rels/sheet1.xml.rels
21:40:02.819 [main] DEBUG - Parsing relationship: /_rels/.rels
21:40:02.967 [main] TRACE - Loading type system org.apache.poi.schemas.ooxml.system.ooxml
21:40:02.970 [main] TRACE - Loading type system org.apache.xmlbeans.metadata.system.sXMLCONFIG
21:40:02.971 [main] TRACE - Loading type system org.apache.xmlbeans.metadata.system.sXMLLANG
21:40:02.971 [main] TRACE - Loading type system org.apache.xmlbeans.metadata.system.sXMLSCHEMA
21:40:02.971 [main] TRACE - Loading type system org.apache.xmlbeans.metadata.system.sXMLTOOLS
21:40:02.974 [main] TRACE - Reading unresolved handles for type system org.apache.xmlbeans.metadata.system.sXMLTOOLS
21:40:02.986 [main] TRACE - Finished loading type system org.apache.xmlbeans.metadata.system.sXMLTOOLS
21:40:02.987 [main] TRACE - Reading unresolved handles for type system org.apache.xmlbeans.metadata.system.sXMLSCHEMA
21:40:02.992 [main] TRACE - Finished loading type system org.apache.xmlbeans.metadata.system.sXMLSCHEMA
21:40:02.993 [main] TRACE - Reading unresolved handles for type system org.apache.xmlbeans.metadata.system.sXMLLANG
21:40:02.998 [main] TRACE - Finished loading type system org.apache.xmlbeans.metadata.system.sXMLLANG
21:40:02.999 [main] TRACE - Reading unresolved handles for type system org.apache.xmlbeans.metadata.system.sXMLCONFIG
21:40:03.000 [main] TRACE - Finished loading type system org.apache.xmlbeans.metadata.system.sXMLCONFIG
21:40:03.000 [main] TRACE - Reading unresolved handles for type system org.apache.poi.schemas.ooxml.system.ooxml
21:40:03.039 [main] TRACE - Finished loading type system org.apache.poi.schemas.ooxml.system.ooxml
21:40:03.040 [main] TRACE - Resolving type for handle themefd26doctype
21:40:03.079 [main] TRACE - Resolving type for handle stylesheet5d8bdoctype
21:40:03.083 [main] TRACE - Resolving type for handle ctstylesheet4257type
21:40:03.088 [main] TRACE - Resolving type for handle ctfonts6623type
21:40:03.092 [main] TRACE - Resolving type for handle ctfont14d8type
21:40:03.096 [main] TRACE - Resolving type for handle ctfills2c6ftype
21:40:03.098 [main] TRACE - Resolving type for handle ctfill550ctype
21:40:03.101 [main] TRACE - Resolving type for handle ctborders0d66type
21:40:03.103 [main] TRACE - Resolving type for handle ctborderf935type
21:40:03.106 [main] TRACE - Resolving type for handle ctcellxfs1322type
21:40:03.109 [main] TRACE - Resolving type for handle ctxf97f7type
21:40:03.111 [main] TRACE - Resolving type for handle ctcellstylexfsa81ftype
21:40:03.113 [main] TRACE - Resolving type for handle ctdxfsb26atype
21:40:03.118 [main] TRACE - Resolving type for handle sstf81fdoctype
21:40:03.127 [main] TRACE - Resolving type for handle ctsst44f3type
21:40:03.142 [main] TRACE - Resolving type for handle ctrsta472type
21:40:03.155 [main] TRACE - Resolving type for handle ctdrawing2748type
21:40:03.158 [main] TRACE - Resolving type for handle workbookec17doctype
21:40:03.160 [main] TRACE - Resolving type for handle ctworkbook83c3type
21:40:03.163 [main] TRACE - Resolving type for handle ctsheets49fdtype
21:40:03.165 [main] TRACE - Resolving type for handle ctsheet4dbetype
21:40:03.167 [main] TRACE - Resolving type for handle strelationshipid1e94type
21:40:03.169 [main] TRACE - Resolving type for handle worksheetf539doctype
21:40:03.172 [main] TRACE - Resolving type for handle ctworksheet530dtype
21:40:03.176 [main] TRACE - Resolving type for handle ctsheetdata8408type
21:40:03.178 [main] TRACE - Resolving type for handle ctrowdd39type
21:40:03.181 [main] TRACE - Resolving type for handle ctcell842btype
21:40:03.186 [main] TRACE - Resolving type for handle stcellrefe4e0type
21:40:03.190 [main] TRACE - Resolving type for handle ctcols627ctype
21:40:03.193 [main] TRACE - Resolving type for handle ctcola95ftype
21:40:03.206 [main] TRACE - Resolving type for handle ctdefinednamesce48type
21:40:03.209 [main] TRACE - Resolving type for handle ctbookviewsb864type
21:40:03.211 [main] TRACE - Resolving type for handle ctbookviewf677type
21:40:03.213 [main] TRACE - Resolving type for handle stxstringf179type
21:40:03.215 [main] TRACE - Resolving type for handle stcelltypebf95type
21:40:05.566 [main] DEBUG - Parsing relationship: /xl/_rels/workbook.xml.rels
21:40:05.567 [main] DEBUG - Parsing relationship: /xl/worksheets/_rels/sheet1.xml.rels
21:40:05.568 [main] DEBUG - Parsing relationship: /_rels/.rels
21:40:09.966 [main] DEBUG - Parsing relationship: /xl/_rels/workbook.xml.rels
21:40:09.970 [main] DEBUG - Parsing relationship: /xl/worksheets/_rels/sheet1.xml.rels
21:40:09.975 [main] DEBUG - Parsing relationship: /_rels/.rels
21:40:10.866 [main] DEBUG - Parsing relationship: /xl/_rels/workbook.xml.rels
21:40:10.871 [main] DEBUG - Parsing relationship: /xl/worksheets/_rels/sheet1.xml.rels
21:40:10.875 [main] DEBUG - Parsing relationship: /_rels/.rels
